<?xml version="1.0" encoding="UTF-8"?>
<testng-results skipped="0" failed="0" ignored="0" total="1" passed="1">
  <reporter-output>
  </reporter-output>
  <suite name="Default suite" duration-ms="29" started-at="2018-02-18T14:01:09Z" finished-at="2018-02-18T14:01:09Z">
    <groups>
    </groups>
    <test name="Default test" duration-ms="29" started-at="2018-02-18T14:01:09Z" finished-at="2018-02-18T14:01:09Z">
      <class name="Base.Base">
        <test-method status="PASS" signature="initDriver()[pri:0, instance:Base.Base@5b275dab]" name="initDriver" is-config="true" duration-ms="110" started-at="2018-02-18T19:31:09Z" finished-at="2018-02-18T19:31:09Z">
          <reporter-output>
          </reporter-output>
        </test-method> <!-- initDriver -->
        <test-method status="PASS" signature="method1()[pri:0, instance:Base.Base@5b275dab]" name="method1" duration-ms="7" started-at="2018-02-18T19:31:09Z" finished-at="2018-02-18T19:31:09Z">
          <reporter-output>
          </reporter-output>
        </test-method> <!-- method1 -->
      </class> <!-- Base.Base -->
    </test> <!-- Default test -->
  </suite> <!-- Default suite -->
</testng-results>
